This is LuaHBTeX, Version 1.17.1 (MiKTeX 24.1) (format=lualatex 2024.11.22)  23 NOV 2024 18:30
 system commands enabled.
 file:line:error style messages enabled.
**d:/UAM/24-O/24-O/Ingenieria_Software/Laboratorio/Practica/portada.tex
(d:/UAM/24-O/24-O/Ingenieria_Software/Laboratorio/Practica/portada.tex
LaTeX2e <2023-11-01> patch level 1
L3 programming layer <2024-01-04>
Lua module: luaotfload 2023-08-31 3.26 Lua based OpenType font support
Lua module: lualibs 2023-07-13 2.76 ConTeXt Lua standard libraries.
Lua module: lualibs-extended 2023-07-13 2.76 ConTeXt Lua libraries -- extended c
ollection.
luaotfload | conf : Root cache directory is "C:/Users/molap/AppData/Local/MiKTeX
/luatex-cache/generic/names".
luaotfload | init : Loading fontloader "fontloader-2023-08-19.lua" from kpse-res
olved path "C:/Program Files/MiKTeX/tex/luatex/luaotfload/fontloader-2023-08-19.
lua".
Lua-only attribute luaotfload@noligature = 1
luaotfload | init : Context OpenType loader version 3.133
Inserting `luaotfload.node_processor' in `pre_linebreak_filter'.
Inserting `luaotfload.node_processor' in `hpack_filter'.
Inserting `luaotfload.glyph_stream' in `glyph_stream_provider'.
Inserting `luaotfload.define_font' in `define_font'.
Lua-only attribute luaotfload_color_attribute = 2
luaotfload | conf : Root cache directory is "C:/Users/molap/AppData/Local/MiKTeX
/luatex-cache/generic/names".
Inserting `luaotfload.harf.strip_prefix' in `find_opentype_file'.
Inserting `luaotfload.harf.strip_prefix' in `find_truetype_file'.
Removing  `luaotfload.glyph_stream' from `glyph_stream_provider'.
Inserting `luaotfload.harf.glyphstream' in `glyph_stream_provider'.
Inserting `luaotfload.harf.finalize_vlist' in `post_linebreak_filter'.
Inserting `luaotfload.harf.finalize_hlist' in `hpack_filter'.
Inserting `luaotfload.cleanup_files' in `wrapup_run'.
Inserting `luaotfload.harf.finalize_unicode' in `finish_pdffile'.
Inserting `luaotfload.glyphinfo' in `glyph_info'.
Lua-only attribute luaotfload.letterspace_done = 3
Inserting `luaotfload.aux.set_sscale_dimens' in `luaotfload.patch_font'.
Inserting `luaotfload.aux.set_font_index' in `luaotfload.patch_font'.
Inserting `luaotfload.aux.patch_cambria_domh' in `luaotfload.patch_font'.
Inserting `luaotfload.aux.fixup_fontdata' in `luaotfload.patch_font_unsafe'.
Inserting `luaotfload.aux.set_capheight' in `luaotfload.patch_font'.
Inserting `luaotfload.aux.set_xheight' in `luaotfload.patch_font'.
Inserting `luaotfload.rewrite_fontname' in `luaotfload.patch_font'.
Inserting `tracingstacklevels' in `input_level_string'. ("C:/Program Files/MiKT
eX/tex/latex/base/report.cls"
Document Class: report 2023/05/17 v1.4n Standard LaTeX document class
("C:/Program Files/MiKTeX/tex/latex/base/size11.clo"
File: size11.clo 2023/05/17 v1.4n Standard LaTeX file (size option)
luaotfload | db : Font names database loaded from C:/Users/molap/AppData/Local/M
iKTeX/luatex-cache/generic/names/luaotfload-names.luc.gz)
\c@part=\count185
\c@chapter=\count186
\c@section=\count187
\c@subsection=\count188
\c@subsubsection=\count189
\c@paragraph=\count190
\c@subparagraph=\count191
\c@figure=\count192
\c@table=\count193
\abovecaptionskip=\skip48
\belowcaptionskip=\skip49
\bibindent=\dimen139
)
("C:/Program Files/MiKTeX/tex/generic/babel/babel.sty"
Package: babel 2024/01/07 v24.1 The Babel package

("C:/Program Files/MiKTeX/tex/generic/babel/luababel.def"
\bbl@readstream=\read2
\l@afrikaans=\language2
Package babel Info: Non-standard hyphenation setup on input line 118.
\l@ancientgreek=\language3
\l@armenian=\language4
\l@assamese=\language5
\l@basque=\language6
\l@belarusian=\language7
\l@bengali=\language8
\l@bokmal=\language9
\l@bulgarian=\language10
\l@catalan=\language11
\l@churchslavonic=\language12
\l@classiclatin=\language13
\l@coptic=\language14
\l@croatian=\language15
\l@czech=\language16
\l@danish=\language17
\l@dutch=\language18
\l@esperanto=\language19
\l@estonian=\language20
\l@ethiopic=\language21
\l@finnish=\language22
\l@french=\language23
\l@friulan=\language24
\l@galician=\language25
\l@georgian=\language26
\l@german=\language27
\l@greek=\language28
\l@gujarati=\language29
\l@hindi=\language30
\l@hungarian=\language31
\l@icelandic=\language32
\l@indonesian=\language33
\l@interlingua=\language34
\l@irish=\language35
\l@italian=\language36
\l@kannada=\language37
\l@kurmanji=\language38
\l@latin=\language39
\l@latvian=\language40
\l@lithuanian=\language41
\l@liturgicallatin=\language42
\l@macedonian=\language43
\l@malayalam=\language44
\l@marathi=\language45
\l@mongolian=\language46
\l@mongolianlmc=\language47
\l@monogreek=\language48
\l@ngerman=\language49
\l@nynorsk=\language50
\l@occitan=\language51
\l@oriya=\language52
\l@pali=\language53
\l@panjabi=\language54
\l@piedmontese=\language55
\l@polish=\language56
\l@portuguese=\language57
\l@romanian=\language58
\l@romansh=\language59
\l@russian=\language60
\l@sanskrit=\language61
\l@serbian=\language62
\l@serbianc=\language63
\l@slovak=\language64
\l@slovenian=\language65
\l@spanish=\language66
\l@swedish=\language67
\l@swissgerman=\language68
\l@tamil=\language69
\l@telugu=\language70
\l@thai=\language71
\l@turkish=\language72
\l@turkmen=\language73
\l@ukenglish=\language74
\l@ukrainian=\language75
\l@uppersorbian=\language76
\l@usenglishmax=\language77
\l@welsh=\language78
\babelcatcodetablenum=\catcodetable14
\bbl@pattcodes=\catcodetable15
)
\babel@savecnt=\count194
\U@D=\dimen140
\l@unhyphenated=\language79

("C:/Program Files/MiKTeX/tex/generic/babel/luababel.def"
\bbl@attr@locale=\attribute4
)
*************************************
* Local config file bblopts.cfg used
*
("C:/Program Files/MiKTeX/tex/latex/arabi/bblopts.cfg"
File: bblopts.cfg 2005/09/08 v0.1 add Arabic and Farsi to "declared" options of
 babel
)
("C:/Program Files/MiKTeX/tex/latex/babel-spanish/spanish.ldf"
Language: spanish.ldf 2021/05/27 v5.0q Spanish support from the babel system
\es@quottoks=\toks17
\es@quotdepth=\count195
Package babel Info: Making " an active character on input line 570.
Package babel Info: Making . an active character on input line 675.
Package babel Info: Making < an active character on input line 722.
Package babel Info: Making > an active character on input line 722.

("C:/Program Files/MiKTeX/tex/generic/hyph-utf8/loadhyph/loadhyph-es.tex"
UTF-8 Spanish hyphenation patterns
("C:/Program Files/MiKTeX/tex/generic/hyph-utf8/patterns/tex/hyph-es.tex"))))
("C:/Program Files/MiKTeX/tex/generic/babel/locale/es/babel-spanish.tex"
Package babel Info: Importing font and identification data for spanish
(babel)             from babel-es.ini. Reported on input line 11.
)
("C:/Program Files/MiKTeX/tex/latex/graphics/graphicx.sty"
Package: graphicx 2021/09/16 v1.2d Enhanced LaTeX Graphics (DPC,SPQR)

("C:/Program Files/MiKTeX/tex/latex/graphics/keyval.sty"
Package: keyval 2022/05/29 v1.15 key=value parser (DPC)
\KV@toks@=\toks18
)
("C:/Program Files/MiKTeX/tex/latex/graphics/graphics.sty"
Package: graphics 2022/03/10 v1.4e Standard LaTeX Graphics (DPC,SPQR)

("C:/Program Files/MiKTeX/tex/latex/graphics/trig.sty"
Package: trig 2021/08/11 v1.11 sin cos tan (DPC)
)
("C:/Program Files/MiKTeX/tex/latex/graphics-cfg/graphics.cfg"
File: graphics.cfg 2016/06/04 v1.11 sample graphics configuration
)
Package graphics Info: Driver file: luatex.def on input line 107.

("C:/Program Files/MiKTeX/tex/latex/graphics-def/luatex.def"
File: luatex.def 2022/09/22 v1.2d Graphics/color driver for luatex
))
\Gin@req@height=\dimen141
\Gin@req@width=\dimen142
)
("C:/Program Files/MiKTeX/tex/latex/base/inputenc.sty"
Package: inputenc 2021/02/14 v1.3d Input encoding file
\inpenc@prehook=\toks19
\inpenc@posthook=\toks20


Package inputenc Warning: inputenc package ignored with utf8 based engines.

) ("C:/Program Files/MiKTeX/tex/latex/hyperref/hyperref.sty"
Package: hyperref 2023-11-26 v7.01g Hypertext links for LaTeX

("C:/Program Files/MiKTeX/tex/generic/iftex/iftex.sty"
Package: iftex 2022/02/03 v1.0f TeX engine tests
)
("C:/Program Files/MiKTeX/tex/generic/infwarerr/infwarerr.sty"
Package: infwarerr 2019/12/03 v1.5 Providing info/warning/error messages (HO)
)
("C:/Program Files/MiKTeX/tex/latex/kvsetkeys/kvsetkeys.sty"
Package: kvsetkeys 2022-10-05 v1.19 Key value parser (HO)
)
("C:/Program Files/MiKTeX/tex/generic/kvdefinekeys/kvdefinekeys.sty"
Package: kvdefinekeys 2019-12-19 v1.6 Define keys (HO)
)
("C:/Program Files/MiKTeX/tex/generic/pdfescape/pdfescape.sty"
Package: pdfescape 2019/12/09 v1.15 Implements pdfTeX's escape features (HO)

("C:/Program Files/MiKTeX/tex/generic/ltxcmds/ltxcmds.sty"
Package: ltxcmds 2023-12-04 v1.26 LaTeX kernel commands for general use (HO)
)
("C:/Program Files/MiKTeX/tex/generic/pdftexcmds/pdftexcmds.sty"
Package: pdftexcmds 2020-06-27 v0.33 Utility functions of pdfTeX for LuaTeX (HO
)
Package pdftexcmds Info: \pdf@primitive is available.
Package pdftexcmds Info: \pdf@ifprimitive is available.
Package pdftexcmds Info: \pdfdraftmode found.
\pdftexcmds@toks=\toks21
))
("C:/Program Files/MiKTeX/tex/latex/hycolor/hycolor.sty"
Package: hycolor 2020-01-27 v1.10 Color options for hyperref/bookmark (HO)
)
("C:/Program Files/MiKTeX/tex/latex/letltxmacro/letltxmacro.sty"
Package: letltxmacro 2019/12/03 v1.6 Let assignment for LaTeX macros (HO)
)
("C:/Program Files/MiKTeX/tex/latex/auxhook/auxhook.sty"
Package: auxhook 2019-12-17 v1.6 Hooks for auxiliary files (HO)
)
("C:/Program Files/MiKTeX/tex/latex/hyperref/nameref.sty"
Package: nameref 2023-11-26 v2.56 Cross-referencing by name of section

("C:/Program Files/MiKTeX/tex/latex/refcount/refcount.sty"
Package: refcount 2019/12/15 v3.6 Data extraction from label references (HO)
)
("C:/Program Files/MiKTeX/tex/generic/gettitlestring/gettitlestring.sty"
Package: gettitlestring 2019/12/15 v1.6 Cleanup title references (HO)

("C:/Program Files/MiKTeX/tex/latex/kvoptions/kvoptions.sty"
Package: kvoptions 2022-06-15 v3.15 Key value format for package options (HO)
))
\c@section@level=\count196
)
("C:/Program Files/MiKTeX/tex/latex/etoolbox/etoolbox.sty"
Package: etoolbox 2020/10/05 v2.5k e-TeX tools for LaTeX (JAW)
\etb@tempcnta=\count197
)
\@linkdim=\dimen143
\Hy@linkcounter=\count198
\Hy@pagecounter=\count199

("C:/Program Files/MiKTeX/tex/latex/hyperref/pd1enc.def"
File: pd1enc.def 2023-11-26 v7.01g Hyperref: PDFDocEncoding definition (HO)
)
("C:/Program Files/MiKTeX/tex/generic/intcalc/intcalc.sty"
Package: intcalc 2019/12/15 v1.3 Expandable calculations with integers (HO)
)
\Hy@SavedSpaceFactor=\count266

("C:/Program Files/MiKTeX/tex/latex/hyperref/puenc.def"
File: puenc.def 2023-11-26 v7.01g Hyperref: PDF Unicode definition (HO)
)
Package hyperref Info: Hyper figures OFF on input line 4181.
Package hyperref Info: Link nesting OFF on input line 4186.
Package hyperref Info: Hyper index ON on input line 4189.
Package hyperref Info: Plain pages OFF on input line 4196.
Package hyperref Info: Backreferencing OFF on input line 4201.
Package hyperref Info: Implicit mode ON; LaTeX internals redefined.
Package hyperref Info: Bookmarks ON on input line 4448.
\c@Hy@tempcnt=\count267

("C:/Program Files/MiKTeX/tex/latex/url/url.sty"
\Urlmuskip=\muskip16
Package: url 2013/09/16  ver 3.4  Verb mode for urls, etc.
)
LaTeX Info: Redefining \url on input line 4786.
\XeTeXLinkMargin=\dimen144

("C:/Program Files/MiKTeX/tex/generic/bitset/bitset.sty"
Package: bitset 2019/12/09 v1.3 Handle bit-vector datatype (HO)

("C:/Program Files/MiKTeX/tex/generic/bigintcalc/bigintcalc.sty"
Package: bigintcalc 2019/12/15 v1.5 Expandable calculations on big integers (HO
)
))
\Fld@menulength=\count268
\Field@Width=\dimen145
\Fld@charsize=\dimen146
Package hyperref Info: Hyper figures OFF on input line 6065.
Package hyperref Info: Link nesting OFF on input line 6070.
Package hyperref Info: Hyper index ON on input line 6073.
Package hyperref Info: backreferencing OFF on input line 6080.
Package hyperref Info: Link coloring OFF on input line 6085.
Package hyperref Info: Link coloring with OCG OFF on input line 6090.
Package hyperref Info: PDF/A mode OFF on input line 6095.

("C:/Program Files/MiKTeX/tex/latex/base/atbegshi-ltx.sty"
Package: atbegshi-ltx 2021/01/10 v1.0c Emulation of the original atbegshi
package with kernel methods
)
\Hy@abspage=\count269
\c@Item=\count270
\c@Hfootnote=\count271
)
Package hyperref Info: Driver (autodetected): hluatex.

("C:/Program Files/MiKTeX/tex/latex/hyperref/hluatex.def"
File: hluatex.def 2023-11-26 v7.01g Hyperref driver for luaTeX

("C:/Program Files/MiKTeX/tex/generic/stringenc/stringenc.sty"
Package: stringenc 2019/11/29 v1.12 Convert strings between diff. encodings (HO
)
)
("C:/Program Files/MiKTeX/tex/latex/base/atveryend-ltx.sty"
Package: atveryend-ltx 2020/08/19 v1.0a Emulation of the original atveryend pac
kage
with kernel methods
)
\Fld@listcount=\count272
\c@bookmark@seq@number=\count273

("C:/Program Files/MiKTeX/tex/latex/rerunfilecheck/rerunfilecheck.sty"
Package: rerunfilecheck 2022-07-10 v1.10 Rerun checks for auxiliary files (HO)

("C:/Program Files/MiKTeX/tex/generic/uniquecounter/uniquecounter.sty"
Package: uniquecounter 2019/12/15 v1.4 Provide unlimited unique counter (HO)
)
Package uniquecounter Info: New unique counter `rerunfilecheck' on input line 2
85.
)
\Hy@SectionHShift=\skip50
)
("C:/Program Files/MiKTeX/tex/latex/tools/xspace.sty"
Package: xspace 2014/10/28 v1.13 Space after command names (DPC,MH)
)
("C:/Program Files/MiKTeX/tex/latex/listings/listings.sty"
\lst@mode=\count274
\lst@gtempboxa=\box51
\lst@token=\toks22
\lst@length=\count275
\lst@currlwidth=\dimen147
\lst@column=\count276
\lst@pos=\count277
\lst@lostspace=\dimen148
\lst@width=\dimen149
\lst@newlines=\count278
\lst@lineno=\count279
\lst@maxwidth=\dimen150

("C:/Program Files/MiKTeX/tex/latex/listings/lstmisc.sty"
File: lstmisc.sty 2023/02/27 1.9 (Carsten Heinz)
\c@lstnumber=\count280
\lst@skipnumbers=\count281
\lst@framebox=\box52
)
("C:/Program Files/MiKTeX/tex/latex/listings/listings.cfg"
File: listings.cfg 2023/02/27 1.9 listings configuration
))
Package: listings 2023/02/27 1.9 (Carsten Heinz)

("C:/Program Files/MiKTeX/tex/latex/tools/verbatim.sty"
Package: verbatim 2023-11-06 v1.5v LaTeX2e package for verbatim enhancements
\every@verbatim=\toks23
\verbatim@line=\toks24
\verbatim@in@stream=\read3
)
("C:/Program Files/MiKTeX/tex/latex/amsmath/amsmath.sty"
Package: amsmath 2023/05/13 v2.17o AMS math features
\@mathmargin=\skip51

For additional information on amsmath, use the `?' option.
("C:/Program Files/MiKTeX/tex/latex/amsmath/amstext.sty"
Package: amstext 2021/08/26 v2.01 AMS text

("C:/Program Files/MiKTeX/tex/latex/amsmath/amsgen.sty"
File: amsgen.sty 1999/11/30 v2.0 generic functions
\@emptytoks=\toks25
\ex@=\dimen151
))
("C:/Program Files/MiKTeX/tex/latex/amsmath/amsbsy.sty"
Package: amsbsy 1999/11/29 v1.2d Bold Symbols
\pmbraise@=\dimen152
)
("C:/Program Files/MiKTeX/tex/latex/amsmath/amsopn.sty"
Package: amsopn 2022/04/08 v2.04 operator names
)
\inf@bad=\count282
LaTeX Info: Redefining \frac on input line 236.
\uproot@=\count283
\leftroot@=\count284
LaTeX Info: Redefining \overline on input line 399.
LaTeX Info: Redefining \colon on input line 410.
\classnum@=\count285
\DOTSCASE@=\count286
LaTeX Info: Redefining \ldots on input line 496.
LaTeX Info: Redefining \dots on input line 499.
LaTeX Info: Redefining \cdots on input line 620.
\Mathstrutbox@=\box53
\strutbox@=\box54
LaTeX Info: Redefining \big on input line 722.
LaTeX Info: Redefining \Big on input line 723.
LaTeX Info: Redefining \bigg on input line 724.
LaTeX Info: Redefining \Bigg on input line 725.
\big@size=\dimen153
LaTeX Font Info:    Redeclaring font encoding OML on input line 743.
LaTeX Font Info:    Redeclaring font encoding OMS on input line 744.
\macc@depth=\count287
LaTeX Info: Redefining \bmod on input line 905.
LaTeX Info: Redefining \pmod on input line 910.
LaTeX Info: Redefining \smash on input line 940.
LaTeX Info: Redefining \relbar on input line 970.
LaTeX Info: Redefining \Relbar on input line 971.
\c@MaxMatrixCols=\count288
\dotsspace@=\muskip17
\c@parentequation=\count289
\dspbrk@lvl=\count290
\tag@help=\toks26
\row@=\count291
\column@=\count292
\maxfields@=\count293
\andhelp@=\toks27
\eqnshift@=\dimen154
\alignsep@=\dimen155
\tagshift@=\dimen156
\tagwidth@=\dimen157
\totwidth@=\dimen158
\lineht@=\dimen159
\@envbody=\toks28
\multlinegap=\skip52
\multlinetaggap=\skip53
\mathdisplay@stack=\toks29
LaTeX Info: Redefining \[ on input line 2953.
LaTeX Info: Redefining \] on input line 2954.
)
("C:/Program Files/MiKTeX/tex/latex/amsfonts/amssymb.sty"
Package: amssymb 2013/01/14 v3.01 AMS font symbols

("C:/Program Files/MiKTeX/tex/latex/amsfonts/amsfonts.sty"
Package: amsfonts 2013/01/14 v3.01 Basic AMSFonts support
\symAMSa=\mathgroup4
\symAMSb=\mathgroup5
LaTeX Font Info:    Redeclaring math symbol \hbar on input line 98.
LaTeX Font Info:    Overwriting math alphabet `\mathfrak' in version `bold'
(Font)                  U/euf/m/n --> U/euf/b/n on input line 106.
))
("C:/Program Files/MiKTeX/tex/latex/srcltx/srcltx.sty"
Package: srcltx 2006/11/12 v1.6 Source specials for inverse search in DVI files


("C:/Program Files/MiKTeX/tex/latex/base/ifthen.sty"
Package: ifthen 2022/04/13 v1.1d Standard LaTeX ifthen package (DPC)
)
\src@lastline=\count294
\src@new@everypar=\toks30
\src@new@output=\toks31
)
("C:/Program Files/MiKTeX/tex/latex/amsmath/amscd.sty"
Package: amscd 2017/04/14 v2.1 AMS Commutative Diagrams
\athelp@=\toks32
\minaw@=\dimen160
\bigaw@=\dimen161
\minCDarrowwidth=\dimen162
)
("C:/Program Files/MiKTeX/tex/latex/base/makeidx.sty"
Package: makeidx 2021/10/04 v1.0m Standard LaTeX package
)
("C:/Program Files/MiKTeX/tex/latex/amscls/amsthm.sty"
Package: amsthm 2020/05/29 v2.20.6
\thm@style=\toks33
\thm@bodyfont=\toks34
\thm@headfont=\toks35
\thm@notefont=\toks36
\thm@headpunct=\toks37
\thm@preskip=\skip54
\thm@postskip=\skip55
\thm@headsep=\skip56
\dth@everypar=\toks38
)
("C:/Program Files/MiKTeX/tex/latex/algorithmicx/algpseudocode.sty"
Package: algpseudocode 

("C:/Program Files/MiKTeX/tex/latex/algorithmicx/algorithmicx.sty"
Package: algorithmicx 2005/04/27 v1.2 Algorithmicx

Document Style algorithmicx 1.2 - a greatly improved `algorithmic' style
\c@ALG@line=\count295
\c@ALG@rem=\count296
\c@ALG@nested=\count297
\ALG@tlm=\skip57
\ALG@thistlm=\skip58
\c@ALG@Lnr=\count298
\c@ALG@blocknr=\count299
\c@ALG@storecount=\count300
\c@ALG@tmpcounter=\count301
\ALG@tmplength=\skip59
)
Document Style - pseudocode environments for use with the `algorithmicx' style
) ("C:/Program Files/MiKTeX/tex/latex/algorithms/algorithm.sty"
Package: algorithm 2009/08/24 v0.1 Document Style `algorithm' - floating enviro
nment

("C:/Program Files/MiKTeX/tex/latex/float/float.sty"
Package: float 2001/11/08 v1.3d Float enhancements (AL)
\c@float@type=\count302
\float@exts=\toks39
\float@box=\box55
\@float@everytoks=\toks40
\@floatcapt=\box56
)
\@float@every@algorithm=\toks41
\c@algorithm=\count303
)
("C:/Program Files/MiKTeX/tex/lualatex/plantuml/plantuml.sty"
Package: plantuml 2024/09/17 v0.4.0 Embed PlantUML diagrams in latex documents.


("C:/Program Files/MiKTeX/tex/latex/pgf/frontendlayer/tikz.sty"
("C:/Program Files/MiKTeX/tex/latex/pgf/basiclayer/pgf.sty"
("C:/Program Files/MiKTeX/tex/latex/pgf/utilities/pgfrcs.sty"
("C:/Program Files/MiKTeX/tex/generic/pgf/utilities/pgfutil-common.tex"
\pgfutil@everybye=\toks42
\pgfutil@tempdima=\dimen163
\pgfutil@tempdimb=\dimen164
)
("C:/Program Files/MiKTeX/tex/generic/pgf/utilities/pgfutil-latex.def"
\pgfutil@abb=\box57
)
Package srcltx Info: Expanded filename `pgfrcs.code.tex' to `pgfrcs.code.tex' o
n input line 13.

:<+ pgfrcs.code.tex
("C:/Program Files/MiKTeX/tex/generic/pgf/utilities/pgfrcs.code.tex"
("C:/Program Files/MiKTeX/tex/generic/pgf/pgf.revision.tex")
Package: pgfrcs 2023-01-15 v3.1.10 (3.1.10)
)
:<-
)
Package: pgf 2023-01-15 v3.1.10 (3.1.10)
 ("C:/Program Files/MiKTeX/tex/latex/pgf/basiclayer/pgfcore.sty"
("C:/Program Files/MiKTeX/tex/latex/pgf/systemlayer/pgfsys.sty"
Package srcltx Info: Expanded filename `pgfsys.code.tex' to `pgfsys.code.tex' o
n input line 16.

:<+ pgfsys.code.tex
("C:/Program Files/MiKTeX/tex/generic/pgf/systemlayer/pgfsys.code.tex"
Package: pgfsys 2023-01-15 v3.1.10 (3.1.10)

("C:/Program Files/MiKTeX/tex/generic/pgf/utilities/pgfkeys.code.tex"
\pgfkeys@pathtoks=\toks43
\pgfkeys@temptoks=\toks44

("C:/Program Files/MiKTeX/tex/generic/pgf/utilities/pgfkeyslibraryfiltered.code
.tex"
\pgfkeys@tmptoks=\toks45
))
\pgf@x=\dimen165
\pgf@y=\dimen166
\pgf@xa=\dimen167
\pgf@ya=\dimen168
\pgf@xb=\dimen169
\pgf@yb=\dimen170
\pgf@xc=\dimen171
\pgf@yc=\dimen172
\pgf@xd=\dimen173
\pgf@yd=\dimen174
\w@pgf@writea=\write3
\r@pgf@reada=\read4
\c@pgf@counta=\count304
\c@pgf@countb=\count305
\c@pgf@countc=\count306
\c@pgf@countd=\count307
\t@pgf@toka=\toks46
\t@pgf@tokb=\toks47
\t@pgf@tokc=\toks48
\pgf@sys@id@count=\count308
 ("C:/Program Files/MiKTeX/tex/generic/pgf/systemlayer/pgf.cfg"
File: pgf.cfg 2023-01-15 v3.1.10 (3.1.10)
)
Driver file for pgf: pgfsys-luatex.def

("C:/Program Files/MiKTeX/tex/generic/pgf/systemlayer/pgfsys-luatex.def"
File: pgfsys-luatex.def 2023-01-15 v3.1.10 (3.1.10)

("C:/Program Files/MiKTeX/tex/generic/pgf/systemlayer/pgfsys-common-pdf.def"
File: pgfsys-common-pdf.def 2023-01-15 v3.1.10 (3.1.10)
)))
:<-
Package srcltx Info: Expanded filename `pgfsyssoftpath.code.tex' to `pgfsyssoft
path.code.tex' on input line 17.
:<+ pgfsyssoftpath.code.tex
("C:/Program Files/MiKTeX/tex/generic/pgf/systemlayer/pgfsyssoftpath.code.tex"
File: pgfsyssoftpath.code.tex 2023-01-15 v3.1.10 (3.1.10)
\pgfsyssoftpath@smallbuffer@items=\count309
\pgfsyssoftpath@bigbuffer@items=\count310
)
:<-
Package srcltx Info: Expanded filename `pgfsysprotocol.code.tex' to `pgfsysprot
ocol.code.tex' on input line 18.
:<+ pgfsysprotocol.code.tex
("C:/Program Files/MiKTeX/tex/generic/pgf/systemlayer/pgfsysprotocol.code.tex"
File: pgfsysprotocol.code.tex 2023-01-15 v3.1.10 (3.1.10)
)
:<-
) ("C:/Program Files/MiKTeX/tex/latex/xcolor/xcolor.sty"
Package: xcolor 2023/11/15 v3.01 LaTeX color extensions (UK)

("C:/Program Files/MiKTeX/tex/latex/graphics-cfg/color.cfg"
File: color.cfg 2016/01/02 v1.6 sample color configuration
)
Package xcolor Info: Driver file: luatex.def on input line 274.

("C:/Program Files/MiKTeX/tex/latex/graphics/mathcolor.ltx")
Package xcolor Info: Model `cmy' substituted by `cmy0' on input line 1350.
Package xcolor Info: Model `hsb' substituted by `rgb' on input line 1354.
Package xcolor Info: Model `RGB' extended on input line 1366.
Package xcolor Info: Model `HTML' substituted by `rgb' on input line 1368.
Package xcolor Info: Model `Hsb' substituted by `hsb' on input line 1369.
Package xcolor Info: Model `tHsb' substituted by `hsb' on input line 1370.
Package xcolor Info: Model `HSB' substituted by `hsb' on input line 1371.
Package xcolor Info: Model `Gray' substituted by `gray' on input line 1372.
Package xcolor Info: Model `wave' substituted by `hsb' on input line 1373.
)
Package srcltx Info: Expanded filename `pgfcore.code.tex' to `pgfcore.code.tex'
 on input line 15.

:<+ pgfcore.code.tex
("C:/Program Files/MiKTeX/tex/generic/pgf/basiclayer/pgfcore.code.tex"
Package: pgfcore 2023-01-15 v3.1.10 (3.1.10)

("C:/Program Files/MiKTeX/tex/generic/pgf/math/pgfmath.code.tex"
("C:/Program Files/MiKTeX/tex/generic/pgf/math/pgfmathutil.code.tex")
("C:/Program Files/MiKTeX/tex/generic/pgf/math/pgfmathparser.code.tex"
\pgfmath@dimen=\dimen175
\pgfmath@count=\count311
\pgfmath@box=\box58
\pgfmath@toks=\toks49
\pgfmath@stack@operand=\toks50
\pgfmath@stack@operation=\toks51
)
("C:/Program Files/MiKTeX/tex/generic/pgf/math/pgfmathfunctions.code.tex")
("C:/Program Files/MiKTeX/tex/generic/pgf/math/pgfmathfunctions.basic.code.tex"
)
("C:/Program Files/MiKTeX/tex/generic/pgf/math/pgfmathfunctions.trigonometric.c
ode.tex")
("C:/Program Files/MiKTeX/tex/generic/pgf/math/pgfmathfunctions.random.code.tex
")
("C:/Program Files/MiKTeX/tex/generic/pgf/math/pgfmathfunctions.comparison.code
.tex")
("C:/Program Files/MiKTeX/tex/generic/pgf/math/pgfmathfunctions.base.code.tex") ("C:/Program Files/MiKTeX/tex/generic/pgf/math/pgfmathfunctions.round.code.tex") ("C:/Program Files/MiKTeX/tex/generic/pgf/math/pgfmathfunctions.misc.code.tex")
("C:/Program Files/MiKTeX/tex/generic/pgf/math/pgfmathfunctions.integerarithmet
ics.code.tex")
("C:/Program Files/MiKTeX/tex/generic/pgf/math/pgfmathcalc.code.tex")
("C:/Program Files/MiKTeX/tex/generic/pgf/math/pgfmathfloat.code.tex"
\c@pgfmathroundto@lastzeros=\count312
))
("C:/Program Files/MiKTeX/tex/generic/pgf/math/pgfint.code.tex")
("C:/Program Files/MiKTeX/tex/generic/pgf/basiclayer/pgfcorepoints.code.tex"
File: pgfcorepoints.code.tex 2023-01-15 v3.1.10 (3.1.10)
\pgf@picminx=\dimen176
\pgf@picmaxx=\dimen177
\pgf@picminy=\dimen178
\pgf@picmaxy=\dimen179
\pgf@pathminx=\dimen180
\pgf@pathmaxx=\dimen181
\pgf@pathminy=\dimen182
\pgf@pathmaxy=\dimen183
\pgf@xx=\dimen184
\pgf@xy=\dimen185
\pgf@yx=\dimen186
\pgf@yy=\dimen187
\pgf@zx=\dimen188
\pgf@zy=\dimen189
)
("C:/Program Files/MiKTeX/tex/generic/pgf/basiclayer/pgfcorepathconstruct.code.
tex"
File: pgfcorepathconstruct.code.tex 2023-01-15 v3.1.10 (3.1.10)
\pgf@path@lastx=\dimen190
\pgf@path@lasty=\dimen191
)
("C:/Program Files/MiKTeX/tex/generic/pgf/basiclayer/pgfcorepathusage.code.tex"
File: pgfcorepathusage.code.tex 2023-01-15 v3.1.10 (3.1.10)
\pgf@shorten@end@additional=\dimen192
\pgf@shorten@start@additional=\dimen193
) ("C:/Program Files/MiKTeX/tex/generic/pgf/basiclayer/pgfcorescopes.code.tex"
File: pgfcorescopes.code.tex 2023-01-15 v3.1.10 (3.1.10)
\pgfpic=\box59
\pgf@hbox=\box60
\pgf@layerbox@main=\box61
\pgf@picture@serial@count=\count313
)
("C:/Program Files/MiKTeX/tex/generic/pgf/basiclayer/pgfcoregraphicstate.code.t
ex"
File: pgfcoregraphicstate.code.tex 2023-01-15 v3.1.10 (3.1.10)
\pgflinewidth=\dimen194
)
("C:/Program Files/MiKTeX/tex/generic/pgf/basiclayer/pgfcoretransformations.cod
e.tex"
File: pgfcoretransformations.code.tex 2023-01-15 v3.1.10 (3.1.10)
\pgf@pt@x=\dimen195
\pgf@pt@y=\dimen196
\pgf@pt@temp=\dimen197
)
("C:/Program Files/MiKTeX/tex/generic/pgf/basiclayer/pgfcorequick.code.tex"
File: pgfcorequick.code.tex 2023-01-15 v3.1.10 (3.1.10)
)
("C:/Program Files/MiKTeX/tex/generic/pgf/basiclayer/pgfcoreobjects.code.tex"
File: pgfcoreobjects.code.tex 2023-01-15 v3.1.10 (3.1.10)
)
("C:/Program Files/MiKTeX/tex/generic/pgf/basiclayer/pgfcorepathprocessing.code
.tex"
File: pgfcorepathprocessing.code.tex 2023-01-15 v3.1.10 (3.1.10)
)
("C:/Program Files/MiKTeX/tex/generic/pgf/basiclayer/pgfcorearrows.code.tex"
File: pgfcorearrows.code.tex 2023-01-15 v3.1.10 (3.1.10)
\pgfarrowsep=\dimen198
)
("C:/Program Files/MiKTeX/tex/generic/pgf/basiclayer/pgfcoreshade.code.tex"
File: pgfcoreshade.code.tex 2023-01-15 v3.1.10 (3.1.10)
\pgf@max=\dimen199
\pgf@sys@shading@range@num=\count314
\pgf@shadingcount=\count315
)
("C:/Program Files/MiKTeX/tex/generic/pgf/basiclayer/pgfcoreimage.code.tex"
File: pgfcoreimage.code.tex 2023-01-15 v3.1.10 (3.1.10)
)
("C:/Program Files/MiKTeX/tex/generic/pgf/basiclayer/pgfcoreexternal.code.tex"
File: pgfcoreexternal.code.tex 2023-01-15 v3.1.10 (3.1.10)
\pgfexternal@startupbox=\box62
) ("C:/Program Files/MiKTeX/tex/generic/pgf/basiclayer/pgfcorelayers.code.tex"
File: pgfcorelayers.code.tex 2023-01-15 v3.1.10 (3.1.10)
)
("C:/Program Files/MiKTeX/tex/generic/pgf/basiclayer/pgfcoretransparency.code.t
ex"
File: pgfcoretransparency.code.tex 2023-01-15 v3.1.10 (3.1.10)
)
("C:/Program Files/MiKTeX/tex/generic/pgf/basiclayer/pgfcorepatterns.code.tex"
File: pgfcorepatterns.code.tex 2023-01-15 v3.1.10 (3.1.10)
) ("C:/Program Files/MiKTeX/tex/generic/pgf/basiclayer/pgfcorerdf.code.tex"
File: pgfcorerdf.code.tex 2023-01-15 v3.1.10 (3.1.10)
))
:<-
) ("C:/Program Files/MiKTeX/tex/generic/pgf/modules/pgfmoduleshapes.code.tex"
File: pgfmoduleshapes.code.tex 2023-01-15 v3.1.10 (3.1.10)
\pgfnodeparttextbox=\box63
)
("C:/Program Files/MiKTeX/tex/generic/pgf/modules/pgfmoduleplot.code.tex"
File: pgfmoduleplot.code.tex 2023-01-15 v3.1.10 (3.1.10)
)
("C:/Program Files/MiKTeX/tex/latex/pgf/compatibility/pgfcomp-version-0-65.sty"
Package: pgfcomp-version-0-65 2023-01-15 v3.1.10 (3.1.10)
\pgf@nodesepstart=\dimen256
\pgf@nodesepend=\dimen257
) ("C:/Program Files/MiKTeX/tex/latex/pgf/compatibility/pgfcomp-version-1-18.st
y"
Package: pgfcomp-version-1-18 2023-01-15 v3.1.10 (3.1.10)
)) ("C:/Program Files/MiKTeX/tex/latex/pgf/utilities/pgffor.sty"
("C:/Program Files/MiKTeX/tex/latex/pgf/utilities/pgfkeys.sty"
Package srcltx Info: Expanded filename `pgfkeys.code.tex' to `pgfkeys.code.tex'
 on input line 10.

:<+ pgfkeys.code.tex
("C:/Program Files/MiKTeX/tex/generic/pgf/utilities/pgfkeys.code.tex")
:<-
) ("C:/Program Files/MiKTeX/tex/latex/pgf/math/pgfmath.sty"
Package srcltx Info: Expanded filename `pgfmath.code.tex' to `pgfmath.code.tex'
 on input line 11.

:<+ pgfmath.code.tex
("C:/Program Files/MiKTeX/tex/generic/pgf/math/pgfmath.code.tex")
:<-
)
Package srcltx Info: Expanded filename `pgffor.code.tex' to `pgffor.code.tex' o
n input line 14.

:<+ pgffor.code.tex
("C:/Program Files/MiKTeX/tex/generic/pgf/utilities/pgffor.code.tex"
Package: pgffor 2023-01-15 v3.1.10 (3.1.10)
\pgffor@iter=\dimen258
\pgffor@skip=\dimen259
\pgffor@stack=\toks52
\pgffor@toks=\toks53
)
:<-
)
Package srcltx Info: Expanded filename `tikz.code.tex' to `tikz.code.tex' on in
put line 13.

:<+ tikz.code.tex
("C:/Program Files/MiKTeX/tex/generic/pgf/frontendlayer/tikz/tikz.code.tex"
Package: tikz 2023-01-15 v3.1.10 (3.1.10)

("C:/Program Files/MiKTeX/tex/generic/pgf/libraries/pgflibraryplothandlers.code
.tex"
File: pgflibraryplothandlers.code.tex 2023-01-15 v3.1.10 (3.1.10)
\pgf@plot@mark@count=\count316
\pgfplotmarksize=\dimen260
)
\tikz@lastx=\dimen261
\tikz@lasty=\dimen262
\tikz@lastxsaved=\dimen263
\tikz@lastysaved=\dimen264
\tikz@lastmovetox=\dimen265
\tikz@lastmovetoy=\dimen266
\tikzleveldistance=\dimen267
\tikzsiblingdistance=\dimen268
\tikz@figbox=\box64
\tikz@figbox@bg=\box65
\tikz@tempbox=\box66
\tikz@tempbox@bg=\box67
\tikztreelevel=\count317
\tikznumberofchildren=\count318
\tikznumberofcurrentchild=\count319
\tikz@fig@count=\count320

("C:/Program Files/MiKTeX/tex/generic/pgf/modules/pgfmodulematrix.code.tex"
File: pgfmodulematrix.code.tex 2023-01-15 v3.1.10 (3.1.10)
\pgfmatrixcurrentrow=\count321
\pgfmatrixcurrentcolumn=\count322
\pgf@matrix@numberofcolumns=\count323
)
\tikz@expandcount=\count324

("C:/Program Files/MiKTeX/tex/generic/pgf/frontendlayer/tikz/libraries/tikzlibr
arytopaths.code.tex"
File: tikzlibrarytopaths.code.tex 2023-01-15 v3.1.10 (3.1.10)
))
:<-
) ("C:/Program Files/MiKTeX/tex/latex/fancyvrb/fancyvrb.sty"
Package: fancyvrb 2024/01/20 4.5c verbatim text (tvz,hv)
\FV@CodeLineNo=\count325
\FV@InFile=\read5
\FV@TabBox=\box68
\c@FancyVerbLine=\count326
\FV@StepNumber=\count327
\FV@OutFile=\write4
)
("C:/Program Files/MiKTeX/tex/latex/l3packages/l3keys2e/l3keys2e.sty"
("C:/Program Files/MiKTeX/tex/latex/l3kernel/expl3.sty"
Package: expl3 2024-01-04 L3 programming layer (loader) 

("C:/Program Files/MiKTeX/tex/latex/l3backend/l3backend-luatex.def"
File: l3backend-luatex.def 2024-01-04 L3 backend support: PDF output (LuaTeX)
\l__color_backend_stack_int=\count328
Inserting `l3color' in `luaotfload.parse_color'.
\l__pdf_internal_box=\box69
))
Package: l3keys2e 2023-10-10 LaTeX2e option processing using LaTeX3 keys
)
("C:/Program Files/MiKTeX/tex/latex/l3packages/xparse/xparse.sty"
Package: xparse 2023-10-10 L3 Experimental document command parser
)
("C:/Program Files/MiKTeX/tex/latex/adjustbox/adjustbox.sty"
Package: adjustbox 2022/10/17 v1.3a Adjusting TeX boxes (trim, clip, ...)

("C:/Program Files/MiKTeX/tex/latex/xkeyval/xkeyval.sty"
Package: xkeyval 2022/06/16 v2.9 package option processing (HA)

("C:/Program Files/MiKTeX/tex/generic/xkeyval/xkeyval.tex"
("C:/Program Files/MiKTeX/tex/generic/xkeyval/xkvutils.tex"
\XKV@toks=\toks54
\XKV@tempa@toks=\toks55
)
\XKV@depth=\count329
File: xkeyval.tex 2014/12/03 v2.7a key=value parser (HA)
))
("C:/Program Files/MiKTeX/tex/latex/adjustbox/adjcalc.sty"
Package: adjcalc 2012/05/16 v1.1 Provides advanced setlength with multiple back
-ends (calc, etex, pgfmath)
)
("C:/Program Files/MiKTeX/tex/latex/adjustbox/trimclip.sty"
Package: trimclip 2020/08/19 v1.2 Trim and clip general TeX material

("C:/Program Files/MiKTeX/tex/latex/collectbox/collectbox.sty"
Package: collectbox 2022/10/17 v0.4c Collect macro arguments as boxes
\collectedbox=\box70
)
\tc@llx=\dimen269
\tc@lly=\dimen270
\tc@urx=\dimen271
\tc@ury=\dimen272
Package srcltx Info: Expanded filename `tc-pgf.def' to `tc-pgf.def.tex' on inpu
t line 259.

:<+ tc-pgf.def.tex
("C:/Program Files/MiKTeX/tex/latex/adjustbox/tc-pgf.def"
File: tc-pgf.def 2019/01/04 v2.2 trimclip fall-back clipping driver using PGF
)
:<-
Package trimclip Info: No clipping driver 'tc-luatex.def' available.
(trimclip)             Using fall-back PGF driver.
)
\adjbox@Width=\dimen273
\adjbox@Height=\dimen274
\adjbox@Depth=\dimen275
\adjbox@Totalheight=\dimen276
\adjbox@pwidth=\dimen277
\adjbox@pheight=\dimen278
\adjbox@pdepth=\dimen279
\adjbox@ptotalheight=\dimen280
 ("C:/Program Files/MiKTeX/tex/latex/ifoddpage/ifoddpage.sty"
Package: ifoddpage 2022/10/18 v1.2 Conditionals for odd/even page detection
\c@checkoddpage=\count330
)
("C:/Program Files/MiKTeX/tex/latex/varwidth/varwidth.sty"
Package: varwidth 2009/03/30 ver 0.92;  Variable-width minipages
\@vwid@box=\box71
\sift@deathcycles=\count331
\@vwid@loff=\dimen281
\@vwid@roff=\dimen282
))
\c@PlantUmlFigureNumberSVG=\count332
\c@PlantUmlFigureNumber=\count333

("C:/Program Files/MiKTeX/tex/lualatex/luacode/luacode.sty"
Package: luacode 2012/01/23 v1.2a lua-in-tex helpers (mpg)

("C:/Program Files/MiKTeX/tex/generic/iftex/ifluatex.sty"
Package: ifluatex 2019/10/25 v1.5 ifluatex legacy package. Use iftex instead.
)
("C:/Program Files/MiKTeX/tex/luatex/luatexbase/luatexbase.sty"
Package: luatexbase 2015/10/04 v1.3 luatexbase interface to LuaTeX 

("C:/Program Files/MiKTeX/tex/luatex/ctablestack/ctablestack.sty"
Package: ctablestack 2015/10/01 v1.0 Catcode table stable support
\@catcodetablestackcnt=\count334
)
\CatcodeTableOther=\catcodetable16
\CatcodeTableExpl=\catcodetable17
)
\luacode@lines=\toks56
\luacode@table@soft=\catcodetable18
))
("C:/Program Files/MiKTeX/tex/latex/caption/caption.sty"
Package: caption 2023/08/05 v3.6o Customizing captions (AR)

("C:/Program Files/MiKTeX/tex/latex/caption/caption3.sty"
Package: caption3 2023/07/31 v2.4d caption3 kernel (AR)
\caption@tempdima=\dimen283
\captionmargin=\dimen284
\caption@leftmargin=\dimen285
\caption@rightmargin=\dimen286
\caption@width=\dimen287
\caption@indent=\dimen288
\caption@parindent=\dimen289
\caption@hangindent=\dimen290
Package caption Info: Standard document class detected.
)
\c@caption@flags=\count335
\c@continuedfloat=\count336
Package caption Info: float package is loaded.
Package caption Info: hyperref package is loaded.
Package caption Info: listings package is loaded.
) (./portada.aux
LaTeX Info: Redefining \. on input line 12.
LaTeX Info: Redefining \% on input line 12.
)
\openout1 = portada.aux

LaTeX Font Info:    Checking defaults for OML/cmm/m/it on input line 36.
LaTeX Font Info:    ... okay on input line 36.
LaTeX Font Info:    Checking defaults for OMS/cmsy/m/n on input line 36.
LaTeX Font Info:    ... okay on input line 36.
LaTeX Font Info:    Checking defaults for OT1/cmr/m/n on input line 36.
LaTeX Font Info:    ... okay on input line 36.
LaTeX Font Info:    Checking defaults for T1/cmr/m/n on input line 36.
LaTeX Font Info:    ... okay on input line 36.
LaTeX Font Info:    Checking defaults for TS1/cmr/m/n on input line 36.
LaTeX Font Info:    Trying to load font information for TS1+cmr on input line 3
6.

("C:/Program Files/MiKTeX/tex/latex/base/ts1cmr.fd"
File: ts1cmr.fd 2023/04/13 v2.5m Standard LaTeX font definitions
)
LaTeX Font Info:    ... okay on input line 36.
LaTeX Font Info:    Checking defaults for TU/lmr/m/n on input line 36.
LaTeX Font Info:    ... okay on input line 36.
LaTeX Font Info:    Checking defaults for OMX/cmex/m/n on input line 36.
LaTeX Font Info:    ... okay on input line 36.
LaTeX Font Info:    Checking defaults for U/cmr/m/n on input line 36.
LaTeX Font Info:    ... okay on input line 36.
LaTeX Font Info:    Checking defaults for PD1/pdf/m/n on input line 36.
LaTeX Font Info:    ... okay on input line 36.
LaTeX Font Info:    Checking defaults for PU/pdf/m/n on input line 36.
LaTeX Font Info:    ... okay on input line 36.
LaTeX Info: Redefining \. on input line 36.
LaTeX Info: Redefining \% on input line 36.

("C:/Program Files/MiKTeX/tex/context/base/mkii/supp-pdf.mkii"
[Loading MPS to PDF converter (version 2006.09.02).]
\scratchcounter=\count337
\scratchdimen=\dimen291
\scratchbox=\box72
\nofMPsegments=\count338
\nofMParguments=\count339
\everyMPshowfont=\toks57
\MPscratchCnt=\count340
\MPscratchDim=\dimen292
\MPnumerator=\count341
\makeMPintoPDFobject=\count342
\everyMPtoPDFconversion=\toks58
) ("C:/Program Files/MiKTeX/tex/latex/epstopdf-pkg/epstopdf-base.sty"
Package: epstopdf-base 2020-01-24 v2.11 Base part for package epstopdf
Package epstopdf-base Info: Redefining graphics rule for `.eps' on input line 4
85.

("C:/Program Files/MiKTeX/tex/latex/00miktex/epstopdf-sys.cfg"
File: epstopdf-sys.cfg 2021/03/18 v2.0 Configuration of epstopdf for MiKTeX
))
Package hyperref Info: Link coloring OFF on input line 36.
 (./portada.out) (./portada.out)
\@outlinefile=\write5

\openout5 = portada.out
\c@lstlisting=\count343
Package caption Info: Begin \AtBeginDocument code.
Package caption Info: End \AtBeginDocument code.
LaTeX Font Info:    Trying to load font information for U+msa on input line 47.

 ("C:/Program Files/MiKTeX/tex/latex/amsfonts/umsa.fd"
File: umsa.fd 2013/01/14 v3.01 AMS symbols A
)
LaTeX Font Info:    Trying to load font information for U+msb on input line 47.


("C:/Program Files/MiKTeX/tex/latex/amsfonts/umsb.fd"
File: umsb.fd 2013/01/14 v3.01 AMS symbols B
)
Package srcltx Info: Expanded filename `vision' to `vision.tex' on input line 5
4.

:<+ vision.tex
(./vision.tex)
:<-
Package srcltx Info: Expanded filename `alcance' to `alcance.tex' on input line
 55.
:<+ alcance.tex
(./alcance.tex)
:<-
Package srcltx Info: Expanded filename `objetivos' to `objetivos.tex' on input 
line 56.
:<+ objetivos.tex
(./objetivos.tex)
:<-
Package srcltx Info: Expanded filename `requerimientos' to `requerimientos.tex'
 on input line 57.
:<+ requerimientos.tex
(./requerimientos.tex [1

{C:/Users/molap/AppData/Local/MiKTeX/fonts/map/pdftex/pdftex.map}])
:<-
Package srcltx Info: Expanded filename `casosUso' to `casosUso.tex' on input li
ne 60.
:<+ casosUso.tex
(./casosUso.tex
\openout4 = portada0-plantuml.txt
Executing PlantUML... 
java -Djava.awt.headless=true -jar D:\PlantUML\plantuml-1.2024.7.jar -charset UT
F-8 -tlatex:nopreamble portada0-plantuml.txt
Package srcltx Info: Expanded filename `portada0-plantuml.tex' to `portada0-pla
ntuml.tex' on input line 21.

:<+ portada0-plantuml.tex
(./portada0-plantuml.tex)
:<-
)
:<-
Package srcltx Info: Expanded filename `dominio' to `dominio.tex' on input line
 63.
:<+ dominio.tex
(./dominio.tex
\openout4 = portada0-plantuml.txt
Executing PlantUML... 
java -Djava.awt.headless=true -jar D:\PlantUML\plantuml-1.2024.7.jar -charset UT
F-8 -tlatex:nopreamble portada0-plantuml.txt
Package srcltx Info: Expanded filename `portada0-plantuml.tex' to `portada0-pla
ntuml.tex' on input line 19.

:<+ portada0-plantuml.tex
(./portada0-plantuml.tex)
:<-

LaTeX Warning: `h' float specifier changed to `ht'.

)
:<-
Package srcltx Info: Expanded filename `historiaUsuario' to `historiaUsuario.te
x' on input line 66.
:<+ historiaUsuario.tex
(./historiaUsuario.tex
LaTeX Info: Redefining \. on input line 8.
LaTeX Info: Redefining \% on input line 8.
 [2]
LaTeX Info: Redefining \. on input line 48.
LaTeX Info: Redefining \% on input line 48.
 [3])
:<-
Package srcltx Info: Expanded filename `secuencia' to `secuencia.tex' on input 
line 69.
:<+ secuencia.tex
(./secuencia.tex
\openout4 = portada0-plantuml.txt
Executing PlantUML... 
java -Djava.awt.headless=true -jar D:\PlantUML\plantuml-1.2024.7.jar -charset UT
F-8 -tlatex:nopreamble portada0-plantuml.txt
Package srcltx Info: Expanded filename `portada0-plantuml.tex' to `portada0-pla
ntuml.tex' on input line 24.

:<+ portada0-plantuml.tex
(./portada0-plantuml.tex)
:<-

\openout4 = portada0-plantuml.txt
Executing PlantUML... 
java -Djava.awt.headless=true -jar D:\PlantUML\plantuml-1.2024.7.jar -charset UT
F-8 -tlatex:nopreamble portada0-plantuml.txt
Package srcltx Info: Expanded filename `portada0-plantuml.tex' to `portada0-pla
ntuml.tex' on input line 45.

:<+ portada0-plantuml.tex
(./portada0-plantuml.tex)
:<-
)
:<-
LaTeX Info: Redefining \. on input line 70.
LaTeX Info: Redefining \% on input line 70.
[4]
LaTeX Info: Redefining \. on input line 70.
LaTeX Info: Redefining \% on input line 70.
 [5] (./portada.aux
LaTeX Info: Redefining \. on input line 12.
LaTeX Info: Redefining \% on input line 12.
)
 ***********
LaTeX2e <2023-11-01> patch level 1
L3 programming layer <2024-01-04>
 ***********
Package rerunfilecheck Info: File `portada.out' has not changed.
(rerunfilecheck)             Checksum: D41D8CD98F00B204E9800998ECF8427E;0.
)

Here is how much of LuaTeX's memory you used:
 27868 strings out of 476497
 125129,1977958 words of node,token memory allocated
 546 words of node memory still in use:
   7 hlist, 2 vlist, 2 rule, 4 glue, 4 kern, 1 glyph, 12 attribute, 56 glue_spec
, 8 attribute_list, 2 write nodes
   avail lists: 2:5578,3:2612,4:171,5:196,6:50,7:4089,8:24,9:594,10:5,11:535
 49072 multiletter control sequences out of 65536+600000
 42 fonts using 3024055 bytes
 100i,10n,115p,601b,1002s stack positions out of 10000i,1000n,20000p,200000b,200000s
<//?/c:/program files/miktex/fonts/opentype/public/lm/lmroman10-italic.otf><//?/
c:/program files/miktex/fonts/opentype/public/lm/lmromanslant10-regular.otf><//?
/c:/program files/miktex/fonts/opentype/public/lm/lmroman12-bold.otf><//?/c:/pro
gram files/miktex/fonts/opentype/public/lm/lmroman10-regular.otf><//?/c:/program
 files/miktex/fonts/opentype/public/lm/lmroman10-bold.otf><C:/Program Files/MiKT
eX/fonts/type1/public/amsfonts/cm/cmmi10.pfb><C:/Program Files/MiKTeX/fonts/type
1/public/amsfonts/cm/cmr10.pfb>
Output written on portada.pdf (5 pages, 65635 bytes).

PDF statistics: 115 PDF objects out of 1000 (max. 8388607)
 46 named destinations out of 1000 (max. 131072)
 16 words of extra memory for PDF output out of 10000 (max. 100000000)

